12:30 [Syntax] Semua file Python OK.
To https://github.com/moroxixi/Work.git
   ac71fd3..c8de1db  main -> main
12:30 [Git] Push berhasil: auto: 2026-07-08 12:30
12:30 [Syntax] Semua file Python OK.
12:35 [Syntax] Semua file Python OK.
To github.com:moroxixi/Work.git
   c8de1db..a1ec740  main -> main
12:35 [Git] Push berhasil: auto: 2026-07-08 12:35
20:07 [Syntax] Semua file Python OK.
To github.com:moroxixi/Work.git
   a1ec740..c73c54b  main -> main
20:08 [Git] Push berhasil: auto: 2026-07-08 20:07
20:50 [Syntax] Semua file Python OK.
To github.com:moroxixi/Work.git
   c73c54b..2ac4aaa  main -> main
20:50 [Git] Push berhasil: auto: 2026-07-08 20:50
23:20 [Syntax] Semua file Python OK.
To github.com:moroxixi/Work.git
   2ac4aaa..d748e7c  main -> main
23:20 [Git] Push berhasil: auto: 2026-07-08 23:20
23:25 [Syntax] Semua file Python OK.
To github.com:moroxixi/Work.git
   d748e7c..a413783  main -> main
23:25 [Git] Push berhasil: auto: 2026-07-08 23:25
23:31 [Syntax] Semua file Python OK.
To github.com:moroxixi/Work.git
   a413783..bebc12f  main -> main
23:31 [Git] Push berhasil: auto: 2026-07-08 23:31
12:30 [Syntax] Semua file Python OK.
